<?xml version="1.0" encoding="UTF-8"?>
<testng-results ignored="0" total="3" passed="3" failed="0" skipped="0">
  <reporter-output>
  </reporter-output>
  <suite started-at="2024-02-19T14:56:19 IST" name="Gradle suite" finished-at="2024-02-19T14:57:35 IST" duration-ms="75698">
    <groups>
      <group name="Sanity">
        <method signature="testCase_01.TestCase01(java.lang.String,java.lang.String)[pri:1, instance:qtriptest.tests.testCase_01@bae7dc0]" name="TestCase01" class="qtriptest.tests.testCase_01"/>
      </group> <!-- Sanity -->
    </groups>
    <test started-at="2024-02-19T14:56:19 IST" name="Gradle test" finished-at="2024-02-19T14:57:35 IST" duration-ms="75698">
      <class name="qtriptest.tests.testCase_01">
        <test-method is-config="true" signature="createDriver()[pri:0, instance:qtriptest.tests.testCase_01@bae7dc0]" started-at="2024-02-19T14:56:16 IST" name="createDriver" finished-at="2024-02-19T14:56:19 IST" duration-ms="2581" status="PASS">
          <reporter-output>
          </reporter-output>
        </test-method> <!-- createDriver -->
        <test-method signature="TestCase01(java.lang.String,java.lang.String)[pri:1, instance:qtriptest.tests.testCase_01@bae7dc0]" started-at="2024-02-19T14:56:21 IST" name="TestCase01" description="Verify user registratiaon, login, logout" data-provider="data-provider" finished-at="2024-02-19T14:56:46 IST" duration-ms="24810" status="PASS">
          <params>
            <param index="0">
              <value>
                <![CDATA[testuser@gmail.com]]>
              </value>
            </param>
            <param index="1">
              <value>
                <![CDATA[abc@123]]>
              </value>
            </param>
          </params>
          <reporter-output>
          </reporter-output>
        </test-method> <!-- TestCase01 -->
        <test-method signature="TestCase01(java.lang.String,java.lang.String)[pri:1, instance:qtriptest.tests.testCase_01@bae7dc0]" started-at="2024-02-19T14:56:46 IST" name="TestCase01" description="Verify user registratiaon, login, logout" data-provider="data-provider" finished-at="2024-02-19T14:57:10 IST" duration-ms="24328" status="PASS">
          <params>
            <param index="0">
              <value>
                <![CDATA[TESTUSER@gmail.com]]>
              </value>
            </param>
            <param index="1">
              <value>
                <![CDATA[123456.0]]>
              </value>
            </param>
          </params>
          <reporter-output>
          </reporter-output>
        </test-method> <!-- TestCase01 -->
        <test-method signature="TestCase01(java.lang.String,java.lang.String)[pri:1, instance:qtriptest.tests.testCase_01@bae7dc0]" started-at="2024-02-19T14:57:10 IST" name="TestCase01" description="Verify user registratiaon, login, logout" data-provider="data-provider" finished-at="2024-02-19T14:57:35 IST" duration-ms="24472" status="PASS">
          <params>
            <param index="0">
              <value>
                <![CDATA[123_USER_low@gmail.com]]>
              </value>
            </param>
            <param index="1">
              <value>
                <![CDATA[QWERTY!!!!]]>
              </value>
            </param>
          </params>
          <reporter-output>
          </reporter-output>
        </test-method> <!-- TestCase01 -->
      </class> <!-- qtriptest.tests.testCase_01 -->
    </test> <!-- Gradle test -->
  </suite> <!-- Gradle suite -->
</testng-results>
